* using log directory ‘/Users/jessesmac/Downloads/GitHub-Tutorial-master/rankR/rankR.Rcheck’
* using R version 4.0.2 (2020-06-22)
* using platform: x86_64-apple-darwin17.0 (64-bit)
* using session charset: UTF-8
* using options ‘--no-manual --as-cran’
* checking for file ‘rankR/DESCRIPTION’ ... OK
* this is package ‘rankR’ version ‘0.5-1’
* checking package namespace information ... OK
* checking package dependencies ... OK
* checking if this is a source package ... OK
* checking if there is a namespace ... OK
* checking for executable files ... OK
* checking for hidden files and directories ... OK
* checking for portable file names ... OK
* checking for sufficient/correct file permissions ... OK
* checking serialization versions ... OK
* checking whether package ‘rankR’ can be installed ... OK
* checking installed package size ... OK
* checking package directory ... OK
* checking for future file timestamps ... OK
* checking DESCRIPTION meta-information ... OK
* checking top-level files ... NOTE
Non-standard file/directory found at top level:
  ‘maine_rcv.rData’
* checking for left-over files ... OK
* checking index information ... OK
* checking package subdirectories ... OK
* checking R files for non-ASCII characters ... OK
* checking R files for syntax errors ... OK
* checking whether the package can be loaded ... OK
* checking whether the package can be loaded with stated dependencies ... OK
* checking whether the package can be unloaded cleanly ... OK
* checking whether the namespace can be loaded with stated dependencies ... OK
* checking whether the namespace can be unloaded cleanly ... OK
* checking dependencies in R code ... NOTE
Package in Depends field not imported from: ‘nlme’
  These packages need to be imported from (in the NAMESPACE file)
  for when this namespace is loaded but not attached.
* checking S3 generic/method consistency ... OK
* checking replacement functions ... OK
* checking foreign function calls ... OK
* checking R code for possible problems ... NOTE
rcv_approval : <anonymous>: no visible binding for global variable
  ‘winner’
tabulatR: no visible binding for '<<-' assignment to ‘finalcount’
Undefined global functions or variables:
  winner
* checking Rd files ... OK
* checking Rd metadata ... OK
* checking Rd line widths ... OK
* checking Rd cross-references ... OK
* checking for missing documentation entries ... WARNING
Undocumented code objects:
  ‘rcv_approval’ ‘tabulatR’
All user-level objects in a package should have documentation entries.
See chapter ‘Writing R documentation files’ in the ‘Writing R
Extensions’ manual.
* checking for code/documentation mismatches ... WARNING
Functions or methods with usage in documentation object 'hello' but not in code:
  ‘hello’

* checking Rd \usage sections ... OK
* checking Rd contents ... OK
* checking for unstated dependencies in examples ... OK
* checking examples ... ERROR
Running examples in ‘rankR-Ex.R’ failed
The error most likely occurred in:

> base::assign(".ptime", proc.time(), pos = "CheckExEnv")
> ### Name: hello
> ### Title: Hello, World!
> ### Aliases: hello
> 
> ### ** Examples
> 
> hello()
Error in hello() : could not find function "hello"
Execution halted
* checking for non-standard things in the check directory ... OK
* checking for detritus in the temp directory ... OK
* DONE
Status: 1 ERROR, 2 WARNINGs, 3 NOTEs
